Tue Mar 10 08:33:58 CET 2015 : Erreur LectureData SGBD
Tue Mar 10 08:41:09 CET 2015 : Erreur connexion base Oracle
Tue Mar 10 08:41:09 CET 2015 : Erreur LectureData SGBD
Thu Mar 26 15:06:31 CET 2015 : Erreur connexion base Oracle
Thu Mar 26 15:06:31 CET 2015 : Erreur LectureData SGBD
Thu Mar 26 15:30:26 CET 2015 : Erreur LectureData SGBD
Tue Apr 14 18:05:35 CEST 2015 : Erreur fonctionSql SGBD
Tue Apr 14 18:06:56 CEST 2015 : Erreur fonctionSql SGBD
Wed Apr 15 09:19:03 CEST 2015 : Erreur connexion base Oracle
Wed Apr 15 09:19:03 CEST 2015 : Erreur LectureData SGBD
Thu May 21 10:08:11 CEST 2015 : Erreur fonctionSql SGBD
Thu May 21 10:09:49 CEST 2015 : Erreur fonctionSql SGBD
Fri May 22 13:01:58 CEST 2015 : Erreur connexion base Oracle
Fri May 22 13:01:58 CEST 2015 : Erreur LectureData SGBD
Fri May 22 16:44:34 CEST 2015 : Erreur LectureData SGBD
Fri May 22 16:48:15 CEST 2015 : Erreur LectureData SGBD
Fri May 22 16:49:03 CEST 2015 : Erreur LectureData SGBD
Fri May 22 16:49:58 CEST 2015 : Erreur LectureData SGBD
Thu Apr 21 15:02:43 CEST 2016 : Erreur connexion base Oracle
Thu Apr 21 15:02:43 CEST 2016 : Erreur LectureData SGBD
Fri Apr 22 11:07:47 CEST 2016 : Erreur LectureData SGBD
Fri Apr 22 17:06:37 CEST 2016 : Erreur fonctionSql SGBD
Fri Jun 24 11:15:16 CEST 2016 : Erreur fonctionSql SGBD
Thu Mar 15 14:28:17 CET 2018 : Erreur LectureData SGBD
Thu May 03 09:23:47 CEST 2018 : Erreur LectureData SGBD
Thu May 03 09:24:56 CEST 2018 : Erreur LectureData SGBD
